17:01:14 **** Incremental Build of configuration Nios II for project Final2 ****
wsl make all 
Info: Building /mnt/c/Users/JuanDa/Documents/SEMESTRES/2024IIS/PSO/TimerWithClock/software/Final2_bsp/
make --no-print-directory -C /mnt/c/Users/JuanDa/Documents/SEMESTRES/2024IIS/PSO/TimerWithClock/software/Final2_bsp/
[BSP build complete]
Info: Compiling hello_world_small.c to obj/default/hello_world_small.o
nios2-elf-gcc.exe -xc -MP -MMD -c -Ic:/Users/JuanDa/Documents/SEMESTRES/2024IIS/PSO/TimerWithClock/software/Final2_bsp//HAL/inc -Ic:/Users/JuanDa/Documents/SEMESTRES/2024IIS/PSO/TimerWithClock/software/Final2_bsp/ -Ic:/Users/JuanDa/Documents/SEMESTRES/2024IIS/PSO/TimerWithClock/software/Final2_bsp//drivers/inc -pipe -D__hal__ -DALT_NO_C_PLUS_PLUS -DALT_NO_CLEAN_EXIT -D'exit(a)=_exit(a)' -DALT_NO_EXIT -DALT_USE_DIRECT_DRIVERS -DALT_NO_INSTRUCTION_EMULATION -DALT_USE_SMALL_DRIVERS -DSMALL_C_LIB -DALT_SINGLE_THREADED    -Os -g -Wall  -mno-hw-div -mno-hw-div -mno-hw-mul -mno-hw-mulx -mgpopt=global  -o "obj/default/hello_world_small.o" "hello_world_small.c"
hello_world_small.c: In function 'main':
hello_world_small.c:414:14: warning: unused variable 'switch_state' [-Wunused-variable]
  414 |     uint32_t switch_state = read_switch();
      |              ^~~~~~~~~~~~
Info: Linking Final2.elf
nios2-elf-g++.exe -T'c:/Users/JuanDa/Documents/SEMESTRES/2024IIS/PSO/TimerWithClock/software/Final2_bsp//linker.x' -msys-crt0='c:/Users/JuanDa/Documents/SEMESTRES/2024IIS/PSO/TimerWithClock/software/Final2_bsp//obj/HAL/src/crt0.o' -msys-lib=hal_bsp -Lc:/Users/JuanDa/Documents/SEMESTRES/2024IIS/PSO/TimerWithClock/software/Final2_bsp/ -msmallc  -Wl,-Map=Final2.map   -Os -g -Wall  -mno-hw-div -mno-hw-div -mno-hw-mul -mno-hw-mulx -mgpopt=global  -o Final2.elf obj/default/hello_world_small.o -lm -msys-lib=m
nios2-elf-insert.exe Final2.elf --thread_model hal --cpu_name TimerWithClock --qsys true --simulation_enabled false --stderr_dev DEBUG --stdin_dev DEBUG --stdout_dev DEBUG --sopc_system_name TimerWithClock --quartus_project_dir "c:/Users/JuanDa/Documents/SEMESTRES/2024IIS/PSO/TimerWithClock" --jdi ../..//output_files/TimerWithClock.jdi --sopcinfo c:/Users/JuanDa/Documents/SEMESTRES/2024IIS/PSO/TimerWithClock/TimerWithClock.sopcinfo
Info: (Final2.elf) 2148 Bytes program size (code + initialized data).
Info:              1936 Bytes free for stack + heap.
Info: Creating Final2.objdump
nios2-elf-objdump.exe --disassemble --syms --all-header --source Final2.elf >Final2.objdump
[Final2 build complete]
17:01:22 **** Incremental Build of configuration Nios II for project Final2 ****
wsl make all 
Info: Building /mnt/c/Users/JuanDa/Documents/SEMESTRES/2024IIS/PSO/TimerWithClock/software/Final2_bsp/
make --no-print-directory -C /mnt/c/Users/JuanDa/Documents/SEMESTRES/2024IIS/PSO/TimerWithClock/software/Final2_bsp/
[BSP build complete]
[Final2 build complete]
