21:39:32 **** Incremental Build of configuration Nios II for project buzzer ****
wsl make all 
Info: Building /mnt/c/Users/JuanDa/Documents/SEMESTRES/2024IIS/PSO/TimerWithClock/software/buzzer_bsp/
make --no-print-directory -C /mnt/c/Users/JuanDa/Documents/SEMESTRES/2024IIS/PSO/TimerWithClock/software/buzzer_bsp/
[BSP build complete]
Info: Compiling hello_world_small.c to obj/default/hello_world_small.o
nios2-elf-gcc.exe -xc -MP -MMD -c -Ic:/Users/JuanDa/Documents/SEMESTRES/2024IIS/PSO/TimerWithClock/software/buzzer_bsp//HAL/inc -Ic:/Users/JuanDa/Documents/SEMESTRES/2024IIS/PSO/TimerWithClock/software/buzzer_bsp/ -Ic:/Users/JuanDa/Documents/SEMESTRES/2024IIS/PSO/TimerWithClock/software/buzzer_bsp//drivers/inc -pipe -D__hal__ -DALT_NO_C_PLUS_PLUS -DALT_NO_CLEAN_EXIT -D'exit(a)=_exit(a)' -DALT_NO_EXIT -DALT_USE_DIRECT_DRIVERS -DALT_NO_INSTRUCTION_EMULATION -DALT_USE_SMALL_DRIVERS -DSMALL_C_LIB -DALT_SINGLE_THREADED    -Os -g -Wall  -mno-hw-div -mno-hw-div -mno-hw-mul -mno-hw-mulx -mgpopt=global  -o "obj/default/hello_world_small.o" "hello_world_small.c"
Info: Linking buzzer.elf
nios2-elf-g++.exe -T'c:/Users/JuanDa/Documents/SEMESTRES/2024IIS/PSO/TimerWithClock/software/buzzer_bsp//linker.x' -msys-crt0='c:/Users/JuanDa/Documents/SEMESTRES/2024IIS/PSO/TimerWithClock/software/buzzer_bsp//obj/HAL/src/crt0.o' -msys-lib=hal_bsp -Lc:/Users/JuanDa/Documents/SEMESTRES/2024IIS/PSO/TimerWithClock/software/buzzer_bsp/ -msmallc  -Wl,-Map=buzzer.map   -Os -g -Wall  -mno-hw-div -mno-hw-div -mno-hw-mul -mno-hw-mulx -mgpopt=global  -o buzzer.elf obj/default/hello_world_small.o -lm -msys-lib=m
nios2-elf-insert.exe buzzer.elf --thread_model hal --cpu_name TimerWithClock --qsys true --simulation_enabled false --stderr_dev DEBUG --stdin_dev DEBUG --stdout_dev DEBUG --sopc_system_name TimerWithClock --quartus_project_dir "c:/Users/JuanDa/Documents/SEMESTRES/2024IIS/PSO/TimerWithClock" --jdi ../..//output_files/TimerWithClock.jdi --sopcinfo c:/Users/JuanDa/Documents/SEMESTRES/2024IIS/PSO/TimerWithClock/TimerWithClock.sopcinfo
Info: (buzzer.elf) 1204 Bytes program size (code + initialized data).
Info:              2888 Bytes free for stack + heap.
Info: Creating buzzer.objdump
nios2-elf-objdump.exe --disassemble --syms --all-header --source buzzer.elf >buzzer.objdump
[buzzer build complete]
21:41:08 **** Incremental Build of configuration Nios II for project buzzer ****
wsl make all 
Info: Building /mnt/c/Users/JuanDa/Documents/SEMESTRES/2024IIS/PSO/TimerWithClock/software/buzzer_bsp/
make --no-print-directory -C /mnt/c/Users/JuanDa/Documents/SEMESTRES/2024IIS/PSO/TimerWithClock/software/buzzer_bsp/
[BSP build complete]
[buzzer build complete]
21:43:28 **** Incremental Build of configuration Nios II for project buzzer ****
wsl make all 
Info: Building /mnt/c/Users/JuanDa/Documents/SEMESTRES/2024IIS/PSO/TimerWithClock/software/buzzer_bsp/
make --no-print-directory -C /mnt/c/Users/JuanDa/Documents/SEMESTRES/2024IIS/PSO/TimerWithClock/software/buzzer_bsp/
[BSP build complete]
[buzzer build complete]
21:48:57 **** Incremental Build of configuration Nios II for project buzzer ****
wsl make all 
Info: Building /mnt/c/Users/JuanDa/Documents/SEMESTRES/2024IIS/PSO/TimerWithClock/software/buzzer_bsp/
make --no-print-directory -C /mnt/c/Users/JuanDa/Documents/SEMESTRES/2024IIS/PSO/TimerWithClock/software/buzzer_bsp/
[BSP build complete]
[buzzer build complete]
22:08:45 **** Incremental Build of configuration Nios II for project buzzer ****
wsl make all 
Info: Building /mnt/c/Users/JuanDa/Documents/SEMESTRES/2024IIS/PSO/TimerWithClock/software/buzzer_bsp/
make --no-print-directory -C /mnt/c/Users/JuanDa/Documents/SEMESTRES/2024IIS/PSO/TimerWithClock/software/buzzer_bsp/
[BSP build complete]
[buzzer build complete]
