09:54:25 **** Incremental Build of configuration Nios II for project TimerWithC ****
wsl make all 
Info: Building /mnt/c/Users/USUARIO/Documents/taller/FPGA-Microarquitectura-Reloj-Despertador/software/TimerWithC_bsp/
make --no-print-directory -C /mnt/c/Users/USUARIO/Documents/taller/FPGA-Microarquitectura-Reloj-Despertador/software/TimerWithC_bsp/
[BSP build complete]
Info: Compiling hello_world_small.c to obj/default/hello_world_small.o
nios2-elf-gcc.exe -xc -MP -MMD -c -Ic:/Users/USUARIO/Documents/taller/FPGA-Microarquitectura-Reloj-Despertador/software/TimerWithC_bsp//HAL/inc -Ic:/Users/USUARIO/Documents/taller/FPGA-Microarquitectura-Reloj-Despertador/software/TimerWithC_bsp/ -Ic:/Users/USUARIO/Documents/taller/FPGA-Microarquitectura-Reloj-Despertador/software/TimerWithC_bsp//drivers/inc -pipe -D__hal__ -DALT_NO_C_PLUS_PLUS -DALT_NO_CLEAN_EXIT -D'exit(a)=_exit(a)' -DALT_NO_EXIT -DALT_USE_DIRECT_DRIVERS -DALT_NO_INSTRUCTION_EMULATION -DALT_USE_SMALL_DRIVERS -DSMALL_C_LIB -DALT_SINGLE_THREADED    -Os -g -Wall  -mno-hw-div -mno-hw-div -mno-hw-mul -mno-hw-mulx -mgpopt=global  -o "obj/default/hello_world_small.o" "hello_world_small.c"
Info: Linking TimerWithC.elf
nios2-elf-g++.exe -T'c:/Users/USUARIO/Documents/taller/FPGA-Microarquitectura-Reloj-Despertador/software/TimerWithC_bsp//linker.x' -msys-crt0='c:/Users/USUARIO/Documents/taller/FPGA-Microarquitectura-Reloj-Despertador/software/TimerWithC_bsp//obj/HAL/src/crt0.o' -msys-lib=hal_bsp -Lc:/Users/USUARIO/Documents/taller/FPGA-Microarquitectura-Reloj-Despertador/software/TimerWithC_bsp/ -msmallc  -Wl,-Map=TimerWithC.map   -Os -g -Wall  -mno-hw-div -mno-hw-div -mno-hw-mul -mno-hw-mulx -mgpopt=global  -o TimerWithC.elf obj/default/hello_world_small.o -lm -msys-lib=m
nios2-elf-insert.exe TimerWithC.elf --thread_model hal --cpu_name TimerWithClock --qsys true --simulation_enabled false --stderr_dev DEBUG --stdin_dev DEBUG --stdout_dev DEBUG --sopc_system_name TimerWithClock --quartus_project_dir "c:/Users/USUARIO/Documents/taller/FPGA-Microarquitectura-Reloj-Despertador" --jdi ../..//output_files/TimerWithClock.jdi --sopcinfo c:/Users/USUARIO/Documents/taller/FPGA-Microarquitectura-Reloj-Despertador/TimerWithClock.sopcinfo
Info: (TimerWithC.elf) 1580 Bytes program size (code + initialized data).
Info:                  2512 Bytes free for stack + heap.
Info: Creating TimerWithC.objdump
nios2-elf-objdump.exe --disassemble --syms --all-header --source TimerWithC.elf >TimerWithC.objdump
[TimerWithC build complete]
09:54:38 **** Incremental Build of configuration Nios II for project TimerWithC ****
wsl make all 
Info: Building /mnt/c/Users/USUARIO/Documents/taller/FPGA-Microarquitectura-Reloj-Despertador/software/TimerWithC_bsp/
make --no-print-directory -C /mnt/c/Users/USUARIO/Documents/taller/FPGA-Microarquitectura-Reloj-Despertador/software/TimerWithC_bsp/
[BSP build complete]
[TimerWithC build complete]
09:54:56 **** Incremental Build of configuration Nios II for project TimerWithC ****
wsl make all 
Info: Building /mnt/c/Users/USUARIO/Documents/taller/FPGA-Microarquitectura-Reloj-Despertador/software/TimerWithC_bsp/
make --no-print-directory -C /mnt/c/Users/USUARIO/Documents/taller/FPGA-Microarquitectura-Reloj-Despertador/software/TimerWithC_bsp/
[BSP build complete]
[TimerWithC build complete]
